<?xml version="1.0" encoding="UTF-8"?>
<!-- Generated by org.testng.reporters.JUnitXMLReporter -->
<testsuite hostname="idea-PC" ignored="0" name="Chromtest" tests="1" failures="1" timestamp="23 Apr 2020 08:57:58 GMT" time="5.996" errors="0">
  <testcase name="verifyPageTtile" time="0.006" classname="com.selenium.locators.TestNgParameter">
    <failure type="java.lang.NullPointerException">
      <![CDATA[java.lang.NullPointerException
	at com.selenium.locators.TestNgParameter.verifyPageTtile(TestNgParameter.java:17)
... Removed 25 stack frames]]>
    </failure>
  </testcase> <!-- verifyPageTtile -->
</testsuite> <!-- Chromtest -->
