<?xml version="1.0" encoding="UTF-8"?>
<testng-results skipped="0" failed="0" ignored="0" total="1" passed="1">
  <reporter-output>
  </reporter-output>
  <suite name="Default suite" duration-ms="45210" started-at="2020-04-24T00:39:32Z" finished-at="2020-04-24T00:40:17Z">
    <groups>
    </groups>
    <test name="Default test" duration-ms="45210" started-at="2020-04-24T00:39:32Z" finished-at="2020-04-24T00:40:17Z">
      <class name="com.selenium.locators.frameEx01">
        <test-method status="PASS" signature="spicejetex()[pri:0, instance:com.selenium.locators.frameEx01@6f7fd0e6]" name="spicejetex" duration-ms="45092" started-at="2020-04-24T06:09:32Z" finished-at="2020-04-24T06:10:17Z">
          <reporter-output>
          </reporter-output>
        </test-method> <!-- spicejetex -->
      </class> <!-- com.selenium.locators.frameEx01 -->
    </test> <!-- Default test -->
  </suite> <!-- Default suite -->
</testng-results>
